

Started GET "/" for 127.0.0.1 at 2016-01-21 21:54:37 -0700
Processing by Rails::WelcomeController#index as HTML
  Rendered /home/shishir/.rvm/gems/ruby-2.2.2@practice/gems/railties-4.2.5/lib/rails/templates/rails/welcome/index.html.erb (1.7ms)
Completed 200 OK in 16ms (Views: 8.8ms | ActiveRecord: 0.0ms)


Started GET "/rails/info/properties" for 127.0.0.1 at 2016-01-21 21:54:44 -0700
Processing by Rails::InfoController#properties as HTML
  Rendered /home/shishir/.rvm/gems/ruby-2.2.2@practice/gems/railties-4.2.5/lib/rails/templates/rails/info/properties.html.erb (0.5ms)
Completed 200 OK in 56ms (Views: 11.5ms | ActiveRecord: 1.5ms)


Started GET "/" for 127.0.0.1 at 2016-01-25 10:58:46 -0700
Processing by Rails::WelcomeController#index as HTML
  Rendered /home/shishir/.rvm/gems/ruby-2.2.2@practice/gems/railties-4.2.5/lib/rails/templates/rails/welcome/index.html.erb (2.5ms)
Completed 200 OK in 73ms (Views: 26.3ms | ActiveRecord: 0.0ms)


Started GET "/" for 127.0.0.1 at 2016-01-25 21:34:24 -0700

ActiveRecord::PendingMigrationError (

Migrations are pending. To resolve this issue, run:

	bin/rake db:migrate RAILS_ENV=development

):
  activerecord (4.2.5) lib/active_record/migration.rb:392:in `check_pending!'
  activerecord (4.2.5) lib/active_record/migration.rb:373:in `call'
  actionpack (4.2.5) lib/action_dispatch/middleware/callbacks.rb:29:in `block in call'
  activesupport (4.2.5) lib/active_support/callbacks.rb:88:in `__run_callbacks__'
  activesupport (4.2.5) lib/active_support/callbacks.rb:778:in `_run_call_callbacks'
  activesupport (4.2.5) lib/active_support/callbacks.rb:81:in `run_callbacks'
  actionpack (4.2.5) lib/action_dispatch/middleware/callbacks.rb:27:in `call'
  actionpack (4.2.5) lib/action_dispatch/middleware/reloader.rb:73:in `call'
  actionpack (4.2.5) lib/action_dispatch/middleware/remote_ip.rb:78:in `call'
  actionpack (4.2.5) lib/action_dispatch/middleware/debug_exceptions.rb:17:in `call'
  web-console (2.2.1) lib/web_console/middleware.rb:39:in `call'
  actionpack (4.2.5) lib/action_dispatch/middleware/show_exceptions.rb:30:in `call'
  railties (4.2.5) lib/rails/rack/logger.rb:38:in `call_app'
  railties (4.2.5) lib/rails/rack/logger.rb:20:in `block in call'
  activesupport (4.2.5) lib/active_support/tagged_logging.rb:68:in `block in tagged'
  activesupport (4.2.5) lib/active_support/tagged_logging.rb:26:in `tagged'
  activesupport (4.2.5) lib/active_support/tagged_logging.rb:68:in `tagged'
  railties (4.2.5) lib/rails/rack/logger.rb:20:in `call'
  actionpack (4.2.5) lib/action_dispatch/middleware/request_id.rb:21:in `call'
  rack (1.6.4) lib/rack/methodoverride.rb:22:in `call'
  rack (1.6.4) lib/rack/runtime.rb:18:in `call'
  activesupport (4.2.5) lib/active_support/cache/strategy/local_cache_middleware.rb:28:in `call'
  rack (1.6.4) lib/rack/lock.rb:17:in `call'
  actionpack (4.2.5) lib/action_dispatch/middleware/static.rb:116:in `call'
  rack (1.6.4) lib/rack/sendfile.rb:113:in `call'
  railties (4.2.5) lib/rails/engine.rb:518:in `call'
  railties (4.2.5) lib/rails/application.rb:165:in `call'
  rack (1.6.4) lib/rack/lock.rb:17:in `call'
  rack (1.6.4) lib/rack/content_length.rb:15:in `call'
  rack (1.6.4) lib/rack/handler/webrick.rb:88:in `service'
  /home/shishir/.rvm/rubies/ruby-2.2.2/lib/ruby/2.2.0/webrick/httpserver.rb:138:in `service'
  /home/shishir/.rvm/rubies/ruby-2.2.2/lib/ruby/2.2.0/webrick/httpserver.rb:94:in `run'
  /home/shishir/.rvm/rubies/ruby-2.2.2/lib/ruby/2.2.0/webrick/server.rb:294:in `block in start_thread'


  Rendered /home/shishir/.rvm/gems/ruby-2.2.2@practice/gems/actionpack-4.2.5/lib/action_dispatch/middleware/templates/rescues/_source.erb (2.9ms)
  Rendered /home/shishir/.rvm/gems/ruby-2.2.2@practice/gems/actionpack-4.2.5/lib/action_dispatch/middleware/templates/rescues/_trace.html.erb (1.5ms)
  Rendered /home/shishir/.rvm/gems/ruby-2.2.2@practice/gems/actionpack-4.2.5/lib/action_dispatch/middleware/templates/rescues/_request_and_response.html.erb (1.1ms)
  Rendered /home/shishir/.rvm/gems/ruby-2.2.2@practice/gems/actionpack-4.2.5/lib/action_dispatch/middleware/templates/rescues/diagnostics.html.erb within rescues/layout (20.2ms)
  Rendered /home/shishir/.rvm/gems/ruby-2.2.2@practice/gems/web-console-2.2.1/lib/web_console/templates/_markup.html.erb (0.4ms)
  Rendered /home/shishir/.rvm/gems/ruby-2.2.2@practice/gems/web-console-2.2.1/lib/web_console/templates/_inner_console_markup.html.erb within layouts/inlined_string (0.3ms)
  Rendered /home/shishir/.rvm/gems/ruby-2.2.2@practice/gems/web-console-2.2.1/lib/web_console/templates/_prompt_box_markup.html.erb within layouts/inlined_string (0.5ms)
  Rendered /home/shishir/.rvm/gems/ruby-2.2.2@practice/gems/web-console-2.2.1/lib/web_console/templates/style.css.erb within layouts/inlined_string (0.3ms)
  Rendered /home/shishir/.rvm/gems/ruby-2.2.2@practice/gems/web-console-2.2.1/lib/web_console/templates/console.js.erb within layouts/javascript (19.9ms)
  Rendered /home/shishir/.rvm/gems/ruby-2.2.2@practice/gems/web-console-2.2.1/lib/web_console/templates/main.js.erb within layouts/javascript (0.3ms)
  Rendered /home/shishir/.rvm/gems/ruby-2.2.2@practice/gems/web-console-2.2.1/lib/web_console/templates/error_page.js.erb within layouts/javascript (0.3ms)
  Rendered /home/shishir/.rvm/gems/ruby-2.2.2@practice/gems/web-console-2.2.1/lib/web_console/templates/index.html.erb (62.6ms)
  [1m[36m (94.8ms)[0m  [1mCREATE TABLE "schema_migrations" ("version" varchar NOT NULL) [0m
  [1m[35m (20.2ms)[0m  select sqlite_version(*)
  [1m[36m (79.1ms)[0m  [1mCREATE UNIQUE INDEX "unique_schema_migrations" ON "schema_migrations" ("version")[0m
  [1m[35mActiveRecord::SchemaMigration Load (0.1ms)[0m  SELECT "schema_migrations".* FROM "schema_migrations"
Migrating to CreateArticles (20160125180330)
  [1m[36m (0.1ms)[0m  [1mbegin transaction[0m
  [1m[35m (0.6ms)[0m  CREATE TABLE "articles" ("id" INTEGER PRIMARY KEY AUTOINCREMENT NOT NULL, "title" varchar, "description" text, "created_at" datetime NOT NULL, "updated_at" datetime NOT NULL) 
  [1m[36mSQL (0.3ms)[0m  [1mINSERT INTO "schema_migrations" ("version") VALUES (?)[0m  [["version", "20160125180330"]]
  [1m[35m (94.3ms)[0m  commit transaction
  [1m[36mActiveRecord::SchemaMigration Load (0.2ms)[0m  [1mSELECT "schema_migrations".* FROM "schema_migrations"[0m


Started GET "/" for 127.0.0.1 at 2016-01-25 22:28:16 -0700
  [1m[36mActiveRecord::SchemaMigration Load (0.1ms)[0m  [1mSELECT "schema_migrations".* FROM "schema_migrations"[0m
Processing by Rails::WelcomeController#index as HTML
  Rendered /home/shishir/.rvm/gems/ruby-2.2.2@practice/gems/railties-4.2.5/lib/rails/templates/rails/welcome/index.html.erb (0.1ms)
Completed 200 OK in 55ms (Views: 54.8ms | ActiveRecord: 0.0ms)


Started GET "/" for 127.0.0.1 at 2016-01-25 22:28:49 -0700
Processing by ArticlesController#index as HTML
  [1m[35mArticle Load (0.4ms)[0m  SELECT "articles".* FROM "articles"
  Rendered articles/index.html.erb within layouts/application (2.6ms)
Completed 200 OK in 1321ms (Views: 1319.5ms | ActiveRecord: 0.4ms)


Started GET "/assets/articles.self-e3b0c44298fc1c149afbf4c8996fb92427ae41e4649b934ca495991b7852b855.css?body=1" for 127.0.0.1 at 2016-01-25 22:28:50 -0700


Started GET "/assets/scaffolds.self-c66f60c87a0309462f9a472dcc0f89185c1cd8178149f466eeb2c384b17cea46.css?body=1" for 127.0.0.1 at 2016-01-25 22:28:50 -0700


Started GET "/assets/jquery_ujs.self-d602bdfe68ffc63b9f9cc512872aa3cfff046228a0a36e90dd476e8ef54c1b09.js?body=1" for 127.0.0.1 at 2016-01-25 22:28:50 -0700


Started GET "/assets/application.self-e80e8f2318043e8af94dddc2adad5a4f09739a8ebb323b3ab31cd71d45fd9113.css?body=1" for 127.0.0.1 at 2016-01-25 22:28:50 -0700


Started GET "/assets/jquery.self-c64a74367bda6ef8b860f19e74df08927ca99d2be2ac934e9e92d5fd361e0da4.js?body=1" for 127.0.0.1 at 2016-01-25 22:28:50 -0700


Started GET "/assets/articles.self-877aef30ae1b040ab8a3aba4e3e309a11d7f2612f44dde450b5c157aa5f95c05.js?body=1" for 127.0.0.1 at 2016-01-25 22:28:50 -0700


Started GET "/assets/turbolinks.self-c37727e9bd6b2735da5c311aa83fead54ed0be6cc8bd9a65309e9c5abe2cbfff.js?body=1" for 127.0.0.1 at 2016-01-25 22:28:50 -0700


Started GET "/assets/application.self-3b8dabdc891efe46b9a144b400ad69e37d7e5876bdc39dee783419a69d7ca819.js?body=1" for 127.0.0.1 at 2016-01-25 22:28:50 -0700


Started GET "/articles/new" for 127.0.0.1 at 2016-01-25 22:34:06 -0700
Processing by ArticlesController#new as HTML
  Rendered articles/_form.html.erb (115.9ms)
  Rendered articles/new.html.erb within layouts/application (118.6ms)
Completed 200 OK in 150ms (Views: 142.2ms | ActiveRecord: 0.5ms)


Started GET "/articles" for 127.0.0.1 at 2016-01-25 22:42:56 -0700
Processing by ArticlesController#index as HTML
  [1m[36mArticle Load (0.2ms)[0m  [1mSELECT "articles".* FROM "articles"[0m
  Rendered articles/index.html.erb within layouts/application (1.6ms)
Completed 200 OK in 21ms (Views: 19.9ms | ActiveRecord: 0.2ms)


Started GET "/articles/new" for 127.0.0.1 at 2016-01-25 22:43:06 -0700
Processing by ArticlesController#new as HTML
  Rendered articles/_form.html.erb (2.5ms)
  Rendered articles/new.html.erb within layouts/application (3.5ms)
Completed 200 OK in 35ms (Views: 27.4ms | ActiveRecord: 0.0ms)


Started GET "/articles/new" for 127.0.0.1 at 2016-01-25 22:47:16 -0700
Processing by ArticlesController#new as HTML
  Rendered articles/_form.html.erb (3.3ms)
  Rendered articles/new.html.erb within layouts/application (4.5ms)
Completed 200 OK in 31ms (Views: 30.4ms | ActiveRecord: 0.0ms)


Started POST "/articles" for 127.0.0.1 at 2016-01-25 22:48:04 -0700
Processing by ArticlesController#create as HTML
  Parameters: {"utf8"=>"✓", "authenticity_token"=>"svyuLlA5pLWFJUjFQIh55iT6SyO4uGNzIGDOuGEjNXpTXJdPbzhyUdmenlvuxzpo2+EzzWHi3vSYCN8znaO5Ig==", "article"=>{"title"=>"first article", "description"=>"first article desc"}, "commit"=>"Create Article"}
  [1m[35m (0.2ms)[0m  begin transaction
  [1m[36mSQL (0.4ms)[0m  [1mINSERT INTO "articles" ("title", "description", "created_at", "updated_at") VALUES (?, ?, ?, ?)[0m  [["title", "first article"], ["description", "first article desc"], ["created_at", "2016-01-26 05:48:04.564113"], ["updated_at", "2016-01-26 05:48:04.564113"]]
  [1m[35m (205.1ms)[0m  commit transaction
Redirected to http://localhost:3000/articles/1
Completed 302 Found in 217ms (ActiveRecord: 205.6ms)


Started GET "/articles/1" for 127.0.0.1 at 2016-01-25 22:48:04 -0700
Processing by ArticlesController#show as HTML
  Parameters: {"id"=>"1"}
  [1m[36mArticle Load (0.2ms)[0m  [1mSELECT  "articles".* FROM "articles" WHERE "articles"."id" = ? LIMIT 1[0m  [["id", 1]]
  Rendered articles/show.html.erb within layouts/application (1.3ms)
Completed 200 OK in 52ms (Views: 27.3ms | ActiveRecord: 0.2ms)


Started GET "/articles" for 127.0.0.1 at 2016-01-25 22:48:08 -0700
Processing by ArticlesController#index as HTML
  [1m[35mArticle Load (0.3ms)[0m  SELECT "articles".* FROM "articles"
  Rendered articles/index.html.erb within layouts/application (2.6ms)
Completed 200 OK in 36ms (Views: 34.2ms | ActiveRecord: 0.3ms)


Started GET "/articles/1" for 127.0.0.1 at 2016-01-25 22:48:10 -0700
Processing by ArticlesController#show as HTML
  Parameters: {"id"=>"1"}
  [1m[36mArticle Load (0.1ms)[0m  [1mSELECT  "articles".* FROM "articles" WHERE "articles"."id" = ? LIMIT 1[0m  [["id", 1]]
  Rendered articles/show.html.erb within layouts/application (2.1ms)
Completed 200 OK in 21ms (Views: 20.0ms | ActiveRecord: 0.1ms)


Started GET "/articles" for 127.0.0.1 at 2016-01-25 22:48:25 -0700
Processing by ArticlesController#index as HTML
  [1m[35mArticle Load (0.2ms)[0m  SELECT "articles".* FROM "articles"
  Rendered articles/index.html.erb within layouts/application (1.3ms)
Completed 200 OK in 16ms (Views: 15.0ms | ActiveRecord: 0.2ms)


Started GET "/articles/1" for 127.0.0.1 at 2016-01-25 22:51:49 -0700
Processing by ArticlesController#show as HTML
  Parameters: {"id"=>"1"}
  [1m[36mArticle Load (0.1ms)[0m  [1mSELECT  "articles".* FROM "articles" WHERE "articles"."id" = ? LIMIT 1[0m  [["id", 1]]
  Rendered articles/show.html.erb within layouts/application (1.6ms)
Completed 200 OK in 25ms (Views: 23.7ms | ActiveRecord: 0.1ms)
  [1m[36mArticle Load (1.5ms)[0m  [1mSELECT "articles".* FROM "articles"[0m
  [1m[35mArticle Load (0.3ms)[0m  SELECT  "articles".* FROM "articles" WHERE "articles"."id" = ? LIMIT 1  [["id", 1]]


Started GET "/" for 127.0.0.1 at 2016-01-27 09:25:36 -0700
  [1m[36mActiveRecord::SchemaMigration Load (0.3ms)[0m  [1mSELECT "schema_migrations".* FROM "schema_migrations"[0m
Processing by ArticlesController#index as HTML
  [1m[35mArticle Load (0.4ms)[0m  SELECT "articles".* FROM "articles"
  Rendered articles/index.html.erb within layouts/application (8.8ms)
Completed 200 OK in 359ms (Views: 348.9ms | ActiveRecord: 0.6ms)


Started GET "/assets/articles.self-e3b0c44298fc1c149afbf4c8996fb92427ae41e4649b934ca495991b7852b855.css?body=1" for 127.0.0.1 at 2016-01-27 09:25:37 -0700


Started GET "/assets/scaffolds.self-c66f60c87a0309462f9a472dcc0f89185c1cd8178149f466eeb2c384b17cea46.css?body=1" for 127.0.0.1 at 2016-01-27 09:25:37 -0700


Started GET "/assets/application.self-e80e8f2318043e8af94dddc2adad5a4f09739a8ebb323b3ab31cd71d45fd9113.css?body=1" for 127.0.0.1 at 2016-01-27 09:25:37 -0700


Started GET "/assets/jquery.self-c64a74367bda6ef8b860f19e74df08927ca99d2be2ac934e9e92d5fd361e0da4.js?body=1" for 127.0.0.1 at 2016-01-27 09:25:37 -0700


Started GET "/assets/articles.self-877aef30ae1b040ab8a3aba4e3e309a11d7f2612f44dde450b5c157aa5f95c05.js?body=1" for 127.0.0.1 at 2016-01-27 09:25:37 -0700


Started GET "/assets/turbolinks.self-c37727e9bd6b2735da5c311aa83fead54ed0be6cc8bd9a65309e9c5abe2cbfff.js?body=1" for 127.0.0.1 at 2016-01-27 09:25:37 -0700


Started GET "/assets/jquery_ujs.self-d602bdfe68ffc63b9f9cc512872aa3cfff046228a0a36e90dd476e8ef54c1b09.js?body=1" for 127.0.0.1 at 2016-01-27 09:25:37 -0700


Started GET "/assets/application.self-3b8dabdc891efe46b9a144b400ad69e37d7e5876bdc39dee783419a69d7ca819.js?body=1" for 127.0.0.1 at 2016-01-27 09:25:37 -0700


Started GET "/articles/new" for 127.0.0.1 at 2016-01-27 09:51:23 -0700
Processing by ArticlesController#new as HTML
  Rendered articles/_form.html.erb (93.9ms)
  Rendered articles/new.html.erb within layouts/application (115.4ms)
Completed 200 OK in 152ms (Views: 151.1ms | ActiveRecord: 0.0ms)


Started POST "/articles" for 127.0.0.1 at 2016-01-27 09:52:12 -0700
Processing by ArticlesController#create as HTML
  Parameters: {"utf8"=>"✓", "authenticity_token"=>"+xeLvaFfodRPD6/Fk6uv1VC39Yp9QEZjs20XFAmJMCntDjNKDLYxB37d0rbRdxWTvDwk2Sy+6xdPxFNTcpR9yg==", "article"=>{"title"=>"venkat", "description"=>"description"}, "commit"=>"Create Article"}
  [1m[36m (0.1ms)[0m  [1mbegin transaction[0m
  [1m[35mSQL (0.4ms)[0m  INSERT INTO "articles" ("title", "description", "created_at", "updated_at") VALUES (?, ?, ?, ?)  [["title", "venkat"], ["description", "description"], ["created_at", "2016-01-27 16:52:12.362950"], ["updated_at", "2016-01-27 16:52:12.362950"]]
  [1m[36m (92.7ms)[0m  [1mcommit transaction[0m
Redirected to http://localhost:3000/articles/2
Completed 302 Found in 166ms (ActiveRecord: 93.1ms)


Started GET "/articles/2" for 127.0.0.1 at 2016-01-27 09:52:12 -0700
Processing by ArticlesController#show as HTML
  Parameters: {"id"=>"2"}
  Rendered articles/show.html.erb within layouts/application (6.1ms)
Completed 500 Internal Server Error in 9ms (ActiveRecord: 0.0ms)

ActionView::Template::Error (undefined method `title' for nil:NilClass):
    2: 
    3: <p>
    4:   <strong>Title:</strong>
    5:   <%= @article.title %>
    6: </p>
    7: 
    8: <p>
  app/views/articles/show.html.erb:5:in `_app_views_articles_show_html_erb__3626185818484633911_69848224589140'


  Rendered /home/shishir/.rvm/gems/ruby-2.2.2@practice/gems/actionpack-4.2.5/lib/action_dispatch/middleware/templates/rescues/_source.erb (6.1ms)
  Rendered /home/shishir/.rvm/gems/ruby-2.2.2@practice/gems/actionpack-4.2.5/lib/action_dispatch/middleware/templates/rescues/_trace.html.erb (2.5ms)
  Rendered /home/shishir/.rvm/gems/ruby-2.2.2@practice/gems/actionpack-4.2.5/lib/action_dispatch/middleware/templates/rescues/_request_and_response.html.erb (1.3ms)
  Rendered /home/shishir/.rvm/gems/ruby-2.2.2@practice/gems/actionpack-4.2.5/lib/action_dispatch/middleware/templates/rescues/template_error.html.erb within rescues/layout (31.7ms)
  Rendered /home/shishir/.rvm/gems/ruby-2.2.2@practice/gems/web-console-2.2.1/lib/web_console/templates/_markup.html.erb (0.4ms)
  Rendered /home/shishir/.rvm/gems/ruby-2.2.2@practice/gems/web-console-2.2.1/lib/web_console/templates/_inner_console_markup.html.erb within layouts/inlined_string (0.3ms)
  Rendered /home/shishir/.rvm/gems/ruby-2.2.2@practice/gems/web-console-2.2.1/lib/web_console/templates/_prompt_box_markup.html.erb within layouts/inlined_string (0.5ms)
  Rendered /home/shishir/.rvm/gems/ruby-2.2.2@practice/gems/web-console-2.2.1/lib/web_console/templates/style.css.erb within layouts/inlined_string (0.9ms)
  Rendered /home/shishir/.rvm/gems/ruby-2.2.2@practice/gems/web-console-2.2.1/lib/web_console/templates/console.js.erb within layouts/javascript (20.8ms)
  Rendered /home/shishir/.rvm/gems/ruby-2.2.2@practice/gems/web-console-2.2.1/lib/web_console/templates/main.js.erb within layouts/javascript (0.3ms)
  Rendered /home/shishir/.rvm/gems/ruby-2.2.2@practice/gems/web-console-2.2.1/lib/web_console/templates/error_page.js.erb within layouts/javascript (0.4ms)
  Rendered /home/shishir/.rvm/gems/ruby-2.2.2@practice/gems/web-console-2.2.1/lib/web_console/templates/index.html.erb (45.8ms)


Started GET "/articles/2" for 127.0.0.1 at 2016-01-27 09:53:56 -0700
Processing by ArticlesController#show as HTML
  Parameters: {"id"=>"2"}
  [1m[35mArticle Load (0.2ms)[0m  SELECT  "articles".* FROM "articles" WHERE "articles"."id" = ? LIMIT 1  [["id", 2]]
  Rendered articles/show.html.erb within layouts/application (0.3ms)
Completed 200 OK in 44ms (Views: 14.6ms | ActiveRecord: 0.6ms)
